0 info it worked if it ends with ok
1 verbose cli [ '/usr/local/bin/node',
1 verbose cli   '/usr/local/bin/npm',
1 verbose cli   'install',
1 verbose cli   'mraa',
1 verbose cli   '--save' ]
2 info using npm@3.10.8
3 info using node@v6.9.1
4 silly loadCurrentTree Starting
5 silly install loadCurrentTree
6 silly install readLocalPackageData
7 silly fetchPackageMetaData mraa
8 silly fetchNamedPackageData mraa
9 silly mapToRegistry name mraa
10 silly mapToRegistry using default registry
11 silly mapToRegistry registry https://registry.npmjs.org/
12 silly mapToRegistry data Result {
12 silly mapToRegistry   raw: 'mraa',
12 silly mapToRegistry   scope: null,
12 silly mapToRegistry   escapedName: 'mraa',
12 silly mapToRegistry   name: 'mraa',
12 silly mapToRegistry   rawSpec: '',
12 silly mapToRegistry   spec: 'latest',
12 silly mapToRegistry   type: 'tag' }
13 silly mapToRegistry uri https://registry.npmjs.org/mraa
14 verbose request uri https://registry.npmjs.org/mraa
15 verbose request no auth needed
16 info attempt registry request try #1 at 5:41:17 PM
17 verbose request id a4949e035adb7f51
18 verbose etag W/"581c9170-2a0ca"
19 verbose lastModified Fri, 04 Nov 2016 13:47:28 GMT
20 http request GET https://registry.npmjs.org/mraa
21 http 304 https://registry.npmjs.org/mraa
22 verbose headers { date: 'Sat, 10 Dec 2016 22:41:17 GMT',
22 verbose headers   via: '1.1 varnish',
22 verbose headers   'cache-control': 'max-age=300',
22 verbose headers   etag: 'W/"581c9170-2a0ca"',
22 verbose headers   age: '181',
22 verbose headers   connection: 'keep-alive',
22 verbose headers   'x-served-by': 'cache-iad2636-IAD',
22 verbose headers   'x-cache': 'HIT',
22 verbose headers   'x-cache-hits': '1',
22 verbose headers   'x-timer': 'S1481409677.433941,VS0,VE0',
22 verbose headers   vary: 'Accept-Encoding' }
23 silly get cb [ 304,
23 silly get   { date: 'Sat, 10 Dec 2016 22:41:17 GMT',
23 silly get     via: '1.1 varnish',
23 silly get     'cache-control': 'max-age=300',
23 silly get     etag: 'W/"581c9170-2a0ca"',
23 silly get     age: '181',
23 silly get     connection: 'keep-alive',
23 silly get     'x-served-by': 'cache-iad2636-IAD',
23 silly get     'x-cache': 'HIT',
23 silly get     'x-cache-hits': '1',
23 silly get     'x-timer': 'S1481409677.433941,VS0,VE0',
23 silly get     vary: 'Accept-Encoding' } ]
24 verbose etag https://registry.npmjs.org/mraa from cache
25 verbose get saving mraa to /Users/vietle/.npm/registry.npmjs.org/mraa/.cache.json
26 verbose correctMkdir /Users/vietle/.npm correctMkdir not in flight; initializing
27 silly install normalizeTree
28 silly loadCurrentTree Finishing
29 silly loadIdealTree Starting
30 silly install loadIdealTree
31 silly cloneCurrentTree Starting
32 silly install cloneCurrentTreeToIdealTree
33 silly cloneCurrentTree Finishing
34 silly loadShrinkwrap Starting
35 silly install loadShrinkwrap
36 silly loadShrinkwrap Finishing
37 silly loadAllDepsIntoIdealTree Starting
38 silly install loadAllDepsIntoIdealTree
39 silly resolveWithNewModule mraa@1.5.1 checking installable status
40 silly cache add args [ 'mraa', null ]
41 verbose cache add spec mraa
42 silly cache add parsed spec Result {
42 silly cache add   raw: 'mraa',
42 silly cache add   scope: null,
42 silly cache add   escapedName: 'mraa',
42 silly cache add   name: 'mraa',
42 silly cache add   rawSpec: '',
42 silly cache add   spec: 'latest',
42 silly cache add   type: 'tag' }
43 silly addNamed mraa@latest
44 verbose addNamed "latest" is being treated as a dist-tag for mraa
45 info addNameTag [ 'mraa', 'latest' ]
46 silly mapToRegistry name mraa
47 silly mapToRegistry using default registry
48 silly mapToRegistry registry https://registry.npmjs.org/
49 silly mapToRegistry data Result {
49 silly mapToRegistry   raw: 'mraa',
49 silly mapToRegistry   scope: null,
49 silly mapToRegistry   escapedName: 'mraa',
49 silly mapToRegistry   name: 'mraa',
49 silly mapToRegistry   rawSpec: '',
49 silly mapToRegistry   spec: 'latest',
49 silly mapToRegistry   type: 'tag' }
50 silly mapToRegistry uri https://registry.npmjs.org/mraa
51 verbose addNameTag registry:https://registry.npmjs.org/mraa not in flight; fetching
52 verbose get https://registry.npmjs.org/mraa not expired, no request
53 silly addNameTag next cb for mraa with tag latest
54 silly addNamed mraa@1.5.1
55 verbose addNamed "1.5.1" is a plain semver version for mraa
56 silly cache afterAdd mraa@1.5.1
57 verbose afterAdd /Users/vietle/.npm/mraa/1.5.1/package/package.json not in flight; writing
58 verbose correctMkdir /Users/vietle/.npm correctMkdir not in flight; initializing
59 verbose afterAdd /Users/vietle/.npm/mraa/1.5.1/package/package.json written
60 silly loadAllDepsIntoIdealTree Finishing
61 silly loadIdealTree Finishing
62 silly currentTree hackplanet-intel@0.0.0
62 silly currentTree ├── accepts@1.3.3
62 silly currentTree ├── array-flatten@1.1.1
62 silly currentTree ├── basic-auth@1.0.4
62 silly currentTree ├── body-parser@1.15.2
62 silly currentTree ├── bytes@2.4.0
62 silly currentTree ├── content-disposition@0.5.1
62 silly currentTree ├── content-type@1.0.2
62 silly currentTree ├── cookie-parser@1.4.3
62 silly currentTree ├── cookie-signature@1.0.6
62 silly currentTree ├── cookie@0.3.1
62 silly currentTree ├── debug@2.2.0
62 silly currentTree ├── depd@1.1.0
62 silly currentTree ├── destroy@1.0.4
62 silly currentTree ├── ee-first@1.1.1
62 silly currentTree ├── ejs@2.5.5
62 silly currentTree ├── encodeurl@1.0.1
62 silly currentTree ├── escape-html@1.0.3
62 silly currentTree ├── etag@1.7.0
62 silly currentTree ├── express@4.14.0
62 silly currentTree ├── finalhandler@0.5.0
62 silly currentTree ├── forwarded@0.1.0
62 silly currentTree ├── fresh@0.3.0
62 silly currentTree ├── http-errors@1.5.1
62 silly currentTree ├── iconv-lite@0.4.13
62 silly currentTree ├── inherits@2.0.3
62 silly currentTree ├── ipaddr.js@1.1.1
62 silly currentTree ├── media-typer@0.3.0
62 silly currentTree ├── merge-descriptors@1.0.1
62 silly currentTree ├── methods@1.1.2
62 silly currentTree ├── mime-db@1.25.0
62 silly currentTree ├── mime-types@2.1.13
62 silly currentTree ├── mime@1.3.4
62 silly currentTree ├── morgan@1.7.0
62 silly currentTree ├── ms@0.7.1
62 silly currentTree ├── negotiator@0.6.1
62 silly currentTree ├── on-finished@2.3.0
62 silly currentTree ├── on-headers@1.0.1
62 silly currentTree ├── parseurl@1.3.1
62 silly currentTree ├── path-to-regexp@0.1.7
62 silly currentTree ├── pir@0.2.0
62 silly currentTree ├── proxy-addr@1.1.2
62 silly currentTree ├── qs@6.2.0
62 silly currentTree ├── range-parser@1.2.0
62 silly currentTree ├── raw-body@2.1.7
62 silly currentTree ├── send@0.14.1
62 silly currentTree ├─┬ serve-favicon@2.3.2
62 silly currentTree │ └── ms@0.7.2
62 silly currentTree ├── serve-static@1.11.1
62 silly currentTree ├── setprototypeof@1.0.2
62 silly currentTree ├── statuses@1.3.1
62 silly currentTree ├── type-is@1.6.14
62 silly currentTree ├── unpipe@1.0.0
62 silly currentTree ├── utils-merge@1.0.0
62 silly currentTree └── vary@1.1.0
63 silly idealTree hackplanet-intel@0.0.0
63 silly idealTree ├── accepts@1.3.3
63 silly idealTree ├── array-flatten@1.1.1
63 silly idealTree ├── basic-auth@1.0.4
63 silly idealTree ├── body-parser@1.15.2
63 silly idealTree ├── bytes@2.4.0
63 silly idealTree ├── content-disposition@0.5.1
63 silly idealTree ├── content-type@1.0.2
63 silly idealTree ├── cookie-parser@1.4.3
63 silly idealTree ├── cookie-signature@1.0.6
63 silly idealTree ├── cookie@0.3.1
63 silly idealTree ├── debug@2.2.0
63 silly idealTree ├── depd@1.1.0
63 silly idealTree ├── destroy@1.0.4
63 silly idealTree ├── ee-first@1.1.1
63 silly idealTree ├── ejs@2.5.5
63 silly idealTree ├── encodeurl@1.0.1
63 silly idealTree ├── escape-html@1.0.3
63 silly idealTree ├── etag@1.7.0
63 silly idealTree ├── express@4.14.0
63 silly idealTree ├── finalhandler@0.5.0
63 silly idealTree ├── forwarded@0.1.0
63 silly idealTree ├── fresh@0.3.0
63 silly idealTree ├── http-errors@1.5.1
63 silly idealTree ├── iconv-lite@0.4.13
63 silly idealTree ├── inherits@2.0.3
63 silly idealTree ├── ipaddr.js@1.1.1
63 silly idealTree ├── media-typer@0.3.0
63 silly idealTree ├── merge-descriptors@1.0.1
63 silly idealTree ├── methods@1.1.2
63 silly idealTree ├── mime-db@1.25.0
63 silly idealTree ├── mime-types@2.1.13
63 silly idealTree ├── mime@1.3.4
63 silly idealTree ├── morgan@1.7.0
63 silly idealTree ├── mraa@1.5.1
63 silly idealTree ├── ms@0.7.1
63 silly idealTree ├── negotiator@0.6.1
63 silly idealTree ├── on-finished@2.3.0
63 silly idealTree ├── on-headers@1.0.1
63 silly idealTree ├── parseurl@1.3.1
63 silly idealTree ├── path-to-regexp@0.1.7
63 silly idealTree ├── pir@0.2.0
63 silly idealTree ├── proxy-addr@1.1.2
63 silly idealTree ├── qs@6.2.0
63 silly idealTree ├── range-parser@1.2.0
63 silly idealTree ├── raw-body@2.1.7
63 silly idealTree ├── send@0.14.1
63 silly idealTree ├─┬ serve-favicon@2.3.2
63 silly idealTree │ └── ms@0.7.2
63 silly idealTree ├── serve-static@1.11.1
63 silly idealTree ├── setprototypeof@1.0.2
63 silly idealTree ├── statuses@1.3.1
63 silly idealTree ├── type-is@1.6.14
63 silly idealTree ├── unpipe@1.0.0
63 silly idealTree ├── utils-merge@1.0.0
63 silly idealTree └── vary@1.1.0
64 silly generateActionsToTake Starting
65 silly install generateActionsToTake
66 silly generateActionsToTake Finishing
67 silly diffTrees action count 1
68 silly diffTrees add mraa@1.5.1
69 silly decomposeActions action count 8
70 silly decomposeActions fetch mraa@1.5.1
71 silly decomposeActions extract mraa@1.5.1
72 silly decomposeActions test mraa@1.5.1
73 silly decomposeActions preinstall mraa@1.5.1
74 silly decomposeActions build mraa@1.5.1
75 silly decomposeActions install mraa@1.5.1
76 silly decomposeActions postinstall mraa@1.5.1
77 silly decomposeActions finalize mraa@1.5.1
78 silly runTopLevelLifecycles Starting
79 silly executeActions Starting
80 silly install executeActions
81 silly doSerial global-install 0
82 silly doParallel fetch 1
83 verbose correctMkdir /Users/vietle/.npm/_locks correctMkdir not in flight; initializing
84 verbose lock using /Users/vietle/.npm/_locks/staging-a3e734f65b3dff7b.lock for /Users/vietle/Documents/Projects/Hackathon/HackThePlanet/HackPlanet-Intel/node_modules/.staging
85 silly doParallel extract 1
86 silly extract mraa@1.5.1
87 verbose unbuild node_modules/.staging/mraa-1e8bef4d
88 silly gentlyRm /Users/vietle/Documents/Projects/Hackathon/HackThePlanet/HackPlanet-Intel/node_modules/.staging/mraa-1e8bef4d is being purged from base /Users/vietle/Documents/Projects/Hackathon/HackThePlanet/HackPlanet-Intel
89 verbose gentlyRm don't care about contents; nuking /Users/vietle/Documents/Projects/Hackathon/HackThePlanet/HackPlanet-Intel/node_modules/.staging/mraa-1e8bef4d
90 verbose tar unpack /Users/vietle/.npm/mraa/1.5.1/package.tgz
91 verbose tar unpacking to /Users/vietle/Documents/Projects/Hackathon/HackThePlanet/HackPlanet-Intel/node_modules/.staging/mraa-1e8bef4d
92 silly gentlyRm /Users/vietle/Documents/Projects/Hackathon/HackThePlanet/HackPlanet-Intel/node_modules/.staging/mraa-1e8bef4d is being purged
93 verbose gentlyRm don't care about contents; nuking /Users/vietle/Documents/Projects/Hackathon/HackThePlanet/HackPlanet-Intel/node_modules/.staging/mraa-1e8bef4d
94 silly gunzTarPerm modes [ '755', '644' ]
95 silly gunzTarPerm extractEntry
96 silly gunzTarPerm extractEntry imraa/
97 silly gunzTarPerm extractEntry imraa/imraa.c
98 silly gunzTarPerm extractEntry imraa/imraa.service
99 silly gunzTarPerm extractEntry imraa/imraa_arduino.h
100 silly gunzTarPerm extractEntry imraa/imraa_lock.h
101 silly gunzTarPerm extractEntry imraa/imraa_lock.c
102 silly gunzTarPerm extractEntry imraa/imraa_io.c
103 silly gunzTarPerm extractEntry imraa/imraa.io.conf
104 silly gunzTarPerm extractEntry imraa/imraa.conf
105 silly gunzTarPerm extractEntry imraa/imraa_arduino.c
106 silly gunzTarPerm extractEntry imraa/CMakeLists.txt
107 silly gunzTarPerm extractEntry imraa/imraa_io.h
108 silly gunzTarPerm extractEntry DoxygenLayout.xml
109 silly gunzTarPerm extractEntry Android.mk
110 silly gunzTarPerm extractEntry COPYING
111 silly gunzTarPerm extractEntry src/
112 silly gunzTarPerm extractEntry src/x86/
113 silly gunzTarPerm extractEntry src/x86/intel_de3815.c
114 silly gunzTarPerm extractEntry src/x86/intel_minnow_byt_compatible.c
115 silly gunzTarPerm extractEntry src/x86/intel_nuc5.c
116 silly gunzTarPerm extractEntry src/x86/intel_galileo_rev_g.c
117 silly gunzTarPerm extractEntry src/x86/intel_edison_fab_c.c
118 silly gunzTarPerm extractEntry src/x86/x86.c
119 silly gunzTarPerm extractEntry src/x86/intel_cherryhills.c
120 silly gunzTarPerm extractEntry src/x86/intel_galileo_rev_d.c
121 silly gunzTarPerm extractEntry src/x86/CMakeLists.txt
122 silly gunzTarPerm extractEntry src/x86/intel_sofia_3gr.c
123 silly gunzTarPerm extractEntry src/x86/intel_gt_tuchuck.c
124 silly gunzTarPerm extractEntry src/x86/up.c
125 silly gunzTarPerm extractEntry src/mraajsJAVASCRIPT_wrap.cxx
126 silly gunzTarPerm extractEntry src/java/
127 silly gunzTarPerm extractEntry src/java/manifest.txt.in
128 silly gunzTarPerm extractEntry src/java/mraajni.c
129 silly gunzTarPerm extractEntry src/java/pom.xml.in
130 silly gunzTarPerm extractEntry src/java/mraajava.pc.cmake
131 silly gunzTarPerm extractEntry src/java/mraajava.i
132 silly gunzTarPerm extractEntry src/java/CMakeLists.txt
133 silly gunzTarPerm extractEntry src/spi/
134 silly gunzTarPerm extractEntry src/spi/spi.c
135 silly gunzTarPerm extractEntry src/mraa.i
136 silly gunzTarPerm extractEntry src/python/
137 silly gunzTarPerm extractEntry src/python/python3/
138 silly gunzTarPerm extractEntry src/python/python3/mraa3.i
139 silly gunzTarPerm extractEntry src/python/python3/CMakeLists.txt
140 silly gunzTarPerm extractEntry src/python/mraapy.c
141 silly gunzTarPerm extractEntry src/python/python2/
142 silly gunzTarPerm extractEntry src/python/python2/mraa2.i
143 silly gunzTarPerm extractEntry src/python/python2/docs/
144 silly gunzTarPerm extractEntry src/python/python2/docs/example.rst
145 silly gunzTarPerm extractEntry src/python/python2/docs/mraa.rst
146 silly gunzTarPerm extractEntry src/python/python2/docs/index.rst
147 silly gunzTarPerm extractEntry src/python/python2/docs/conf.py.in
148 silly gunzTarPerm extractEntry src/python/python2/docs/CMakeLists.txt
149 silly gunzTarPerm extractEntry src/python/python2/CMakeLists.txt
150 silly gunzTarPerm extractEntry src/python/mraapython.i
151 silly gunzTarPerm extractEntry src/python/CMakeLists.txt
152 silly gunzTarPerm extractEntry src/javascript/
153 silly gunzTarPerm extractEntry src/javascript/doxygen2jsdoc_custom.json
154 silly gunzTarPerm extractEntry src/javascript/binding.gyp.cmake
155 silly gunzTarPerm extractEntry src/javascript/mraajs.i
156 silly gunzTarPerm extractEntry src/javascript/CMakeLists.txt
157 silly gunzTarPerm extractEntry src/javascript/package.json.cmake
158 silly gunzTarPerm extractEntry src/gpio/
159 silly gunzTarPerm extractEntry src/gpio/gpio.c
160 silly gunzTarPerm extractEntry src/arm/
161 silly gunzTarPerm extractEntry src/arm/banana.c
162 silly gunzTarPerm extractEntry src/arm/beaglebone.c
163 silly gunzTarPerm extractEntry src/arm/arm.c
164 silly gunzTarPerm extractEntry src/arm/raspberry_pi.c
165 silly gunzTarPerm extractEntry src/arm/96boards.c
166 silly gunzTarPerm extractEntry src/arm/CMakeLists.txt
167 silly gunzTarPerm extractEntry src/aio/
168 silly gunzTarPerm extractEntry src/aio/aio.c
169 silly gunzTarPerm extractEntry src/mraa.c
170 silly gunzTarPerm extractEntry src/uart/
171 silly gunzTarPerm extractEntry src/uart/uart.c
172 silly gunzTarPerm extractEntry src/pwm/
173 silly gunzTarPerm extractEntry src/pwm/pwm.c
174 silly gunzTarPerm extractEntry src/usb/
175 silly gunzTarPerm extractEntry src/usb/usb.c
176 silly gunzTarPerm extractEntry src/usb/ftdi_ft4222.c
177 silly gunzTarPerm extractEntry src/usb/CMakeLists.txt
178 silly gunzTarPerm extractEntry src/uart_ow/
179 silly gunzTarPerm extractEntry src/uart_ow/uart_ow.c
180 silly gunzTarPerm extractEntry src/uart_ow/CMakeLists.txt
181 silly gunzTarPerm extractEntry src/json/
182 silly gunzTarPerm extractEntry src/json/jsonplatform.c
183 silly gunzTarPerm extractEntry src/i2c/
184 silly gunzTarPerm extractEntry src/i2c/i2c.c
185 silly gunzTarPerm extractEntry src/i2c/LICENSE
186 silly gunzTarPerm extractEntry src/mraa.pc.cmake
187 silly gunzTarPerm extractEntry src/doxy2swig.py
188 silly gunzTarPerm extractEntry src/glob/
189 silly gunzTarPerm extractEntry src/glob/glob.c
190 silly gunzTarPerm extractEntry src/glob/glob.h
191 silly gunzTarPerm extractEntry src/version.c
192 silly gunzTarPerm extractEntry src/iio/
193 silly gunzTarPerm extractEntry src/iio/iio.c
194 silly gunzTarPerm extractEntry src/CMakeLists.txt
195 silly gunzTarPerm extractEntry src/firmata/
196 silly gunzTarPerm extractEntry src/firmata/firmata_mraa.c
197 silly gunzTarPerm extractEntry src/firmata/firmata.c
198 silly gunzTarPerm extractEntry src/firmata/CMakeLists.txt
199 silly gunzTarPerm extractEntry src/mock/
200 silly gunzTarPerm extractEntry src/mock/mock_board_uart.c
201 silly gunzTarPerm extractEntry src/mock/mock_board.c
202 silly gunzTarPerm extractEntry src/mock/mock_board_aio.c
203 silly gunzTarPerm extractEntry src/mock/mock_board_gpio.c
204 silly gunzTarPerm extractEntry src/mock/mock_board_i2c.c
205 silly gunzTarPerm extractEntry src/mock/mock_board_spi.c
206 silly gunzTarPerm extractEntry src/mock/CMakeLists.txt
207 silly gunzTarPerm extractEntry src/mock/mock.c
208 silly gunzTarPerm extractEntry package.json
209 silly gunzTarPerm extractEntry .gitmodules
210 silly gunzTarPerm extractEntry READMEFIRST
211 silly gunzTarPerm extractEntry binding.gyp
212 silly gunzTarPerm extractEntry docs/
213 silly gunzTarPerm extractEntry docs/testing.md
214 silly gunzTarPerm extractEntry docs/minnow_max.md
215 silly gunzTarPerm extractEntry docs/index.java.md
216 silly gunzTarPerm extractEntry docs/banana_pi.md
217 silly gunzTarPerm extractEntry docs/up.md
218 silly gunzTarPerm extractEntry docs/i2c.txt
219 silly gunzTarPerm extractEntry docs/jsonplatform.md
220 silly gunzTarPerm extractEntry docs/galileorevd.md
221 silly gunzTarPerm extractEntry docs/galileorevh.md
222 silly gunzTarPerm extractEntry docs/npm.md
223 silly gunzTarPerm extractEntry docs/index.md
224 silly gunzTarPerm extractEntry docs/platform-hooks.md
225 silly gunzTarPerm extractEntry docs/intel_nuc5.md
226 silly gunzTarPerm extractEntry docs/changelog.md
227 silly gunzTarPerm extractEntry docs/grossetete.md
228 silly gunzTarPerm extractEntry docs/internals.md
229 silly gunzTarPerm extractEntry docs/imraa.md
230 silly gunzTarPerm extractEntry docs/intel_de3815.md
231 silly gunzTarPerm extractEntry docs/mock.md
232 silly gunzTarPerm extractEntry docs/ftdi_ft4222.md
233 silly gunzTarPerm extractEntry docs/firmata.md
234 silly gunzTarPerm extractEntry docs/debugging.md
235 silly gunzTarPerm extractEntry docs/iio.md
236 silly gunzTarPerm extractEntry docs/beaglebone.md
237 silly gunzTarPerm extractEntry docs/raspberry_pi.md
238 silly gunzTarPerm extractEntry docs/edison.md
239 silly gunzTarPerm extractEntry include/
240 silly gunzTarPerm extractEntry include/x86/
241 silly gunzTarPerm extractEntry include/x86/up.h
242 silly gunzTarPerm extractEntry include/x86/intel_sofia_3gr.h
243 silly gunzTarPerm extractEntry include/x86/intel_galileo_rev_d.h
244 silly gunzTarPerm extractEntry include/x86/intel_cherryhills.h
245 silly gunzTarPerm extractEntry include/x86/intel_minnow_byt_compatible.h
246 silly gunzTarPerm extractEntry include/x86/intel_gt_tuchuck.h
247 silly gunzTarPerm extractEntry include/x86/intel_nuc5.h
248 silly gunzTarPerm extractEntry include/x86/intel_de3815.h
249 silly gunzTarPerm extractEntry include/x86/intel_edison_fab_c.h
250 silly gunzTarPerm extractEntry include/x86/intel_galileo_rev_g.h
251 silly gunzTarPerm extractEntry include/mraa_internal_types.h
252 silly gunzTarPerm extractEntry include/linux/
253 silly gunzTarPerm extractEntry include/linux/spi_kernel_headers.h
254 silly gunzTarPerm extractEntry include/linux/types.h
255 silly gunzTarPerm extractEntry include/linux/i2c-dev.h
256 silly gunzTarPerm extractEntry include/linux/README
257 silly gunzTarPerm extractEntry include/linux/posix_types.h
258 silly gunzTarPerm extractEntry include/linux/compiler.h
259 silly gunzTarPerm extractEntry include/java/
260 silly gunzTarPerm extractEntry include/java/mraajni.h
261 silly gunzTarPerm extractEntry include/python/
262 silly gunzTarPerm extractEntry include/python/mraapy.h
263 silly gunzTarPerm extractEntry include/mraa_adv_func.h
264 silly gunzTarPerm extractEntry include/arm/
265 silly gunzTarPerm extractEntry include/arm/96boards.h
266 silly gunzTarPerm extractEntry include/arm/raspberry_pi.h
267 silly gunzTarPerm extractEntry include/arm/beaglebone.h
268 silly gunzTarPerm extractEntry include/arm/banana.h
269 silly gunzTarPerm extractEntry include/mraa_internal.h
270 silly gunzTarPerm extractEntry include/usb/
271 silly gunzTarPerm extractEntry include/usb/ftdi_ft4222.h
272 silly gunzTarPerm extractEntry include/mraa_lang_func.h
273 silly gunzTarPerm extractEntry include/version.h
274 silly gunzTarPerm extractEntry include/firmata/
275 silly gunzTarPerm extractEntry include/firmata/firmata.h
276 silly gunzTarPerm extractEntry include/firmata/firmata_mraa.h
277 silly gunzTarPerm extractEntry include/mock/
278 silly gunzTarPerm extractEntry include/mock/mock_board_spi.h
279 silly gunzTarPerm extractEntry include/mock/mock_board_i2c.h
280 silly gunzTarPerm extractEntry include/mock/mock_board_gpio.h
281 silly gunzTarPerm extractEntry include/mock/mock_board_uart.h
282 silly gunzTarPerm extractEntry include/mock/mock_board_aio.h
283 silly gunzTarPerm extractEntry include/mock/mock_board.h
284 silly gunzTarPerm extractEntry Doxyfile.in
285 silly gunzTarPerm extractEntry .travis.yml
286 silly gunzTarPerm extractEntry api/
287 silly gunzTarPerm extractEntry api/mraa.h
288 silly gunzTarPerm extractEntry api/mraa.hpp
289 silly gunzTarPerm extractEntry api/mraa/
290 silly gunzTarPerm extractEntry api/mraa/uart_ow.hpp
291 silly gunzTarPerm extractEntry api/mraa/firmata.h
292 silly gunzTarPerm extractEntry api/mraa/spi.h
293 silly gunzTarPerm extractEntry api/mraa/iio.hpp
294 silly gunzTarPerm extractEntry api/mraa/pwm.hpp
295 silly gunzTarPerm extractEntry api/mraa/pwm.h
296 silly gunzTarPerm extractEntry api/mraa/types.hpp
297 silly gunzTarPerm extractEntry api/mraa/i2c.h
298 silly gunzTarPerm extractEntry api/mraa/uart_ow.h
299 silly gunzTarPerm extractEntry api/mraa/i2c.hpp
300 silly gunzTarPerm extractEntry api/mraa/iio_kernel_headers.h
301 silly gunzTarPerm extractEntry api/mraa/common.hpp
302 silly gunzTarPerm extractEntry api/mraa/aio.hpp
303 silly gunzTarPerm extractEntry api/mraa/types.h
304 silly gunzTarPerm extractEntry api/mraa/aio.h
305 silly gunzTarPerm extractEntry api/mraa/gpio.hpp
306 silly gunzTarPerm extractEntry api/mraa/gpio.h
307 silly gunzTarPerm extractEntry api/mraa/uart.hpp
308 silly gunzTarPerm extractEntry api/mraa/iio.h
309 silly gunzTarPerm extractEntry api/mraa/spi.hpp
310 silly gunzTarPerm extractEntry api/mraa/uart.h
311 silly gunzTarPerm extractEntry api/mraa/common.h
312 silly gunzTarPerm extractEntry examples/
313 silly gunzTarPerm extractEntry examples/iio_driver.c
314 silly gunzTarPerm extractEntry examples/hellomraa.c
315 silly gunzTarPerm extractEntry examples/c++/
316 silly gunzTarPerm extractEntry examples/c++/Pwm3-cycle.cpp
317 silly gunzTarPerm extractEntry examples/c++/Blink-IO.cpp
318 silly gunzTarPerm extractEntry examples/c++/initio.cpp
319 silly gunzTarPerm extractEntry examples/c++/Uart-example.cpp
320 silly gunzTarPerm extractEntry examples/c++/I2c-compass.cpp
321 silly gunzTarPerm extractEntry examples/c++/AioA0.cpp
322 silly gunzTarPerm extractEntry examples/c++/Spi-pot.cpp
323 silly gunzTarPerm extractEntry examples/c++/UartOW.cpp
324 silly gunzTarPerm extractEntry examples/c++/Iio-dummy.cpp
325 silly gunzTarPerm extractEntry examples/c++/CMakeLists.txt
326 silly gunzTarPerm extractEntry examples/c++/Isr-pin6.cpp
327 silly gunzTarPerm extractEntry examples/isr_pin6.c
328 silly gunzTarPerm extractEntry examples/blink_onboard.c
329 silly gunzTarPerm extractEntry examples/platform/
330 silly gunzTarPerm extractEntry examples/platform/turbotjson.json
331 silly gunzTarPerm extractEntry examples/firmata_curie_imu.c
332 silly gunzTarPerm extractEntry examples/analogin_a0.c
333 silly gunzTarPerm extractEntry examples/java/
334 silly gunzTarPerm extractEntry examples/java/Bmp85.java
335 silly gunzTarPerm extractEntry examples/java/Isr.java
336 silly gunzTarPerm extractEntry examples/java/SpiMAX7219.java
337 silly gunzTarPerm extractEntry examples/java/Example.java
338 silly gunzTarPerm extractEntry examples/java/SpiMCP4261.java
339 silly gunzTarPerm extractEntry examples/java/HelloEdison.java
340 silly gunzTarPerm extractEntry examples/java/I2cCompass.java
341 silly gunzTarPerm extractEntry examples/java/AioA0.java
342 silly gunzTarPerm extractEntry examples/java/CyclePwm3.java
343 silly gunzTarPerm extractEntry examples/java/FTDITest.java
344 silly gunzTarPerm extractEntry examples/java/GpioRead6.java
345 silly gunzTarPerm extractEntry examples/java/BlinkIO.java
346 silly gunzTarPerm extractEntry examples/java/GpioMmapped.java
347 silly gunzTarPerm extractEntry examples/java/UartExample.java
348 silly gunzTarPerm extractEntry examples/java/BlinkOnboard.java
349 silly gunzTarPerm extractEntry examples/i2c_HMC5883L.c
350 silly gunzTarPerm extractEntry examples/blink-io.c
351 silly gunzTarPerm extractEntry examples/python/
352 silly gunzTarPerm extractEntry examples/python/hello_isr.py
353 silly gunzTarPerm extractEntry examples/python/blink-io8.py
354 silly gunzTarPerm extractEntry examples/python/firmata.py
355 silly gunzTarPerm extractEntry examples/python/bmp85.py
356 silly gunzTarPerm extractEntry examples/python/initio.py
357 silly gunzTarPerm extractEntry examples/python/hello_gpio.py
358 silly gunzTarPerm extractEntry examples/python/spi.py
359 silly gunzTarPerm extractEntry examples/python/cycle-pwm3.py
360 silly gunzTarPerm extractEntry examples/python/uart_sender.py
361 silly gunzTarPerm extractEntry examples/python/aio.py
362 silly gunzTarPerm extractEntry examples/python/uart_receiver.py
363 silly gunzTarPerm extractEntry examples/python/rgblcd.py
364 silly gunzTarPerm extractEntry examples/javascript/
365 silly gunzTarPerm extractEntry examples/javascript/AioA0.js
366 silly gunzTarPerm extractEntry examples/javascript/Blink-IO.js
367 silly gunzTarPerm extractEntry examples/javascript/spi.js
368 silly gunzTarPerm extractEntry examples/javascript/rgblcd.js
369 silly gunzTarPerm extractEntry examples/javascript/GPIO_DigitalWrite.js
370 silly gunzTarPerm extractEntry examples/javascript/initio.js
371 silly gunzTarPerm extractEntry examples/javascript/uart.js
372 silly gunzTarPerm extractEntry examples/javascript/bmp85.js
373 silly gunzTarPerm extractEntry examples/javascript/isr.js
374 silly gunzTarPerm extractEntry examples/javascript/GPIO_DigitalRead.js
375 silly gunzTarPerm extractEntry examples/javascript/firmata.js
376 silly gunzTarPerm extractEntry examples/javascript/gpio-tool.js
377 silly gunzTarPerm extractEntry examples/samples.mapping.txt
378 silly gunzTarPerm extractEntry examples/mmap-io2.c
379 silly gunzTarPerm extractEntry examples/uart.c
380 silly gunzTarPerm extractEntry examples/mraa-gpio.c
381 silly gunzTarPerm extractEntry examples/gpio_read6.c
382 silly gunzTarPerm extractEntry examples/i2c_firmata.c
383 silly gunzTarPerm extractEntry examples/spi_max7219.c
384 silly gunzTarPerm extractEntry examples/uart_ow.c
385 silly gunzTarPerm extractEntry examples/spi_mcp4261.c
386 silly gunzTarPerm extractEntry examples/cycle-pwm3.c
387 silly gunzTarPerm extractEntry examples/helloedison.c
388 silly gunzTarPerm extractEntry examples/CMakeLists.txt
389 silly gunzTarPerm extractEntry examples/mraa-i2c.c
390 silly gunzTarPerm extractEntry examples/initio.c
391 silly gunzTarPerm extractEntry Doxyfile.java.in
392 silly gunzTarPerm extractEntry cmake/
393 silly gunzTarPerm extractEntry cmake/modules/
394 silly gunzTarPerm extractEntry cmake/modules/TargetArch.cmake
395 silly gunzTarPerm extractEntry cmake/modules/FindNodejs.cmake
396 silly gunzTarPerm extractEntry cmake/modules/version.c.in
397 silly gunzTarPerm extractEntry cmake/modules/FindYuidoc.cmake
398 silly gunzTarPerm extractEntry cmake/modules/OpenCVDetectPython.cmake
399 silly gunzTarPerm extractEntry cmake/modules/COPYING-CMAKE-SCRIPTS
400 silly gunzTarPerm extractEntry cmake/modules/LICENSE.LGPL
401 silly gunzTarPerm extractEntry cmake/modules/LICENSE_1_0.txt
402 silly gunzTarPerm extractEntry cmake/modules/FindFtd4222.cmake
403 silly gunzTarPerm extractEntry cmake/modules/FindSphinx.cmake
404 silly gunzTarPerm extractEntry cmake/modules/FindFtd2xx.cmake
405 silly gunzTarPerm extractEntry cmake/modules/GetGitRevisionDescription.cmake.in
406 silly gunzTarPerm extractEntry cmake/modules/FindJSON-C.cmake
407 silly gunzTarPerm extractEntry cmake/modules/CPackDeb.cmake
408 silly gunzTarPerm extractEntry cmake/modules/Copyright.txt
409 silly gunzTarPerm extractEntry cmake/modules/GetGitRevisionDescription.cmake
410 silly gunzTarPerm extractEntry cmake/modules/FindUDEV.cmake
411 silly gunzTarPerm extractEntry cmake/Toolchains/
412 silly gunzTarPerm extractEntry cmake/Toolchains/oe-sdk_cross.cmake
413 silly gunzTarPerm extractEntry .clang-format
414 silly gunzTarPerm extractEntry CONTRIBUTING.md
415 silly gunzTarPerm extractEntry doxygen2jsdoc/
416 silly gunzTarPerm extractEntry jsstub/
417 silly gunzTarPerm extractEntry jsstub/package.json
418 silly gunzTarPerm extractEntry jsstub/index.js
419 silly gunzTarPerm extractEntry jsstub/test/
420 silly gunzTarPerm extractEntry jsstub/test/index.js
421 silly gunzTarPerm extractEntry jsstub/test/lightbulb.js
422 silly gunzTarPerm extractEntry jsstub/Gruntfile.js
423 silly gunzTarPerm extractEntry jsstub/README.md
424 silly gunzTarPerm extractEntry CMakeLists.txt
425 silly gunzTarPerm extractEntry tests/
426 silly gunzTarPerm extractEntry tests/general_checks.py
427 silly gunzTarPerm extractEntry tests/gpio_checks.py
428 silly gunzTarPerm extractEntry tests/check_clean.py
429 silly gunzTarPerm extractEntry tests/platform_checks.py
430 silly gunzTarPerm extractEntry tests/check_samplenames.py
431 silly gunzTarPerm extractEntry tests/CMakeLists.txt
432 silly gunzTarPerm extractEntry tests/mock/
433 silly gunzTarPerm extractEntry tests/mock/i2c_checks_write_word_data.py
434 silly gunzTarPerm extractEntry tests/mock/uart_checks_shared.py
435 silly gunzTarPerm extractEntry tests/mock/general_checks.py
436 silly gunzTarPerm extractEntry tests/mock/i2c_checks_freq.py
437 silly gunzTarPerm extractEntry tests/mock/gpio_checks_mode.py
438 silly gunzTarPerm extractEntry tests/mock/i2c_checks_write_byte_data.py
439 silly gunzTarPerm extractEntry tests/mock/spi_checks_write_byte.py
440 silly gunzTarPerm extractEntry tests/mock/i2c_checks_read.py
441 silly gunzTarPerm extractEntry tests/mock/spi_checks_freq.py
442 silly gunzTarPerm extractEntry tests/mock/i2c_checks_write.py
443 silly gunzTarPerm extractEntry tests/mock/spi_checks_write.py
444 silly gunzTarPerm extractEntry tests/mock/uart_checks_set_timeout.py
445 silly gunzTarPerm extractEntry tests/mock/uart_checks_write.py
446 silly gunzTarPerm extractEntry tests/mock/i2c_checks_addr.py
447 silly gunzTarPerm extractEntry tests/mock/spi_checks_bit_per_word.py
448 silly gunzTarPerm extractEntry tests/mock/uart_checks_flush.py
449 silly gunzTarPerm extractEntry tests/mock/uart_checks_data_available.py
450 silly gunzTarPerm extractEntry tests/mock/uart_checks_read.py
451 silly gunzTarPerm extractEntry tests/mock/spi_checks_lsbmode.py
452 silly gunzTarPerm extractEntry tests/mock/i2c_checks_shared.py
453 silly gunzTarPerm extractEntry tests/mock/i2c_checks_read_byte.py
454 silly gunzTarPerm extractEntry tests/mock/uart_checks_set_nonblocking.py
455 silly gunzTarPerm extractEntry tests/mock/i2c_checks_read_word_data.py
456 silly gunzTarPerm extractEntry tests/mock/i2c_checks_write_byte.py
457 silly gunzTarPerm extractEntry tests/mock/spi_checks_mode.py
458 silly gunzTarPerm extractEntry tests/mock/gpio_checks_write_read.py
459 silly gunzTarPerm extractEntry tests/mock/uart_checks_set_mode.py
460 silly gunzTarPerm extractEntry tests/mock/aio_checks.py
461 silly gunzTarPerm extractEntry tests/mock/gpio_checks_dir.py
462 silly gunzTarPerm extractEntry tests/mock/platform_checks.py
463 silly gunzTarPerm extractEntry tests/mock/spi_checks_write_word.py
464 silly gunzTarPerm extractEntry tests/mock/uart_checks_set_flowcontrol.py
465 silly gunzTarPerm extractEntry tests/mock/spi_checks_shared.py
466 silly gunzTarPerm extractEntry tests/mock/gpio_checks_basic.py
467 silly gunzTarPerm extractEntry tests/mock/CMakeLists.txt
468 silly gunzTarPerm extractEntry tests/mock/gpio_checks_edge.py
469 silly gunzTarPerm extractEntry tests/mock/i2c_checks_read_byte_data.py
470 silly gunzTarPerm extractEntry tests/mock/gpio_checks_isr.py
471 silly gunzTarPerm extractEntry tests/mock/uart_checks_set_baudrate.py
472 silly gunzTarPerm extractEntry tests/mock/i2c_checks_read_bytes_data.py
473 silly gunzTarPerm extractEntry README.md
474 silly gentlyRm /Users/vietle/Documents/Projects/Hackathon/HackThePlanet/HackPlanet-Intel/node_modules/.staging/mraa-1e8bef4d/node_modules is being purged
475 verbose gentlyRm don't care about contents; nuking /Users/vietle/Documents/Projects/Hackathon/HackThePlanet/HackPlanet-Intel/node_modules/.staging/mraa-1e8bef4d/node_modules
476 silly doParallel preinstall 1
477 silly preinstall mraa@1.5.1 /Users/vietle/Documents/Projects/Hackathon/HackThePlanet/HackPlanet-Intel/node_modules/.staging/mraa-1e8bef4d
478 info lifecycle mraa@1.5.1~preinstall: mraa@1.5.1
479 silly lifecycle mraa@1.5.1~preinstall: no script for preinstall, continuing
480 silly doReverseSerial remove 0
481 silly doSerial move 0
482 silly doSerial finalize 1
483 silly finalize /Users/vietle/Documents/Projects/Hackathon/HackThePlanet/HackPlanet-Intel/node_modules/mraa
484 silly doSerial build 1
485 silly build mraa@1.5.1
486 info linkStuff mraa@1.5.1
487 silly linkStuff mraa@1.5.1 has /Users/vietle/Documents/Projects/Hackathon/HackThePlanet/HackPlanet-Intel/node_modules as its parent node_modules
488 verbose linkBins mraa@1.5.1
489 verbose linkMans mraa@1.5.1
490 silly doSerial global-link 0
491 silly doParallel update-linked 0
492 silly doSerial install 1
493 silly install mraa@1.5.1 /Users/vietle/Documents/Projects/Hackathon/HackThePlanet/HackPlanet-Intel/node_modules/.staging/mraa-1e8bef4d
494 info lifecycle mraa@1.5.1~install: mraa@1.5.1
495 verbose lifecycle mraa@1.5.1~install: unsafe-perm in lifecycle true
496 verbose lifecycle mraa@1.5.1~install: PATH: /usr/local/lib/node_modules/npm/bin/node-gyp-bin:/Users/vietle/Documents/Projects/Hackathon/HackThePlanet/HackPlanet-Intel/node_modules/mraa/node_modules/.bin:/Users/vietle/Documents/Projects/Hackathon/HackThePlanet/HackPlanet-Intel/node_modules/.bin:/usr/local/bin:/usr/bin:/bin:/usr/sbin:/sbin
497 verbose lifecycle mraa@1.5.1~install: CWD: /Users/vietle/Documents/Projects/Hackathon/HackThePlanet/HackPlanet-Intel/node_modules/mraa
498 silly lifecycle mraa@1.5.1~install: Args: [ '-c', 'node-gyp rebuild' ]
499 silly lifecycle mraa@1.5.1~install: Returned: code: 1  signal: null
500 info lifecycle mraa@1.5.1~install: Failed to exec install script
501 verbose unlock done using /Users/vietle/.npm/_locks/staging-a3e734f65b3dff7b.lock for /Users/vietle/Documents/Projects/Hackathon/HackThePlanet/HackPlanet-Intel/node_modules/.staging
502 silly rollbackFailedOptional Starting
503 silly rollbackFailedOptional Finishing
504 silly runTopLevelLifecycles Finishing
505 silly install printInstalled
506 verbose stack Error: mraa@1.5.1 install: `node-gyp rebuild`
506 verbose stack Exit status 1
506 verbose stack     at EventEmitter.<anonymous> (/usr/local/lib/node_modules/npm/lib/utils/lifecycle.js:255:16)
506 verbose stack     at emitTwo (events.js:106:13)
506 verbose stack     at EventEmitter.emit (events.js:191:7)
506 verbose stack     at ChildProcess.<anonymous> (/usr/local/lib/node_modules/npm/lib/utils/spawn.js:40:14)
506 verbose stack     at emitTwo (events.js:106:13)
506 verbose stack     at ChildProcess.emit (events.js:191:7)
506 verbose stack     at maybeClose (internal/child_process.js:877:16)
506 verbose stack     at Process.ChildProcess._handle.onexit (internal/child_process.js:226:5)
507 verbose pkgid mraa@1.5.1
508 verbose cwd /Users/vietle/Documents/Projects/Hackathon/HackThePlanet/HackPlanet-Intel
509 error Darwin 16.0.0
510 error argv "/usr/local/bin/node" "/usr/local/bin/npm" "install" "mraa" "--save"
511 error node v6.9.1
512 error npm  v3.10.8
513 error code ELIFECYCLE
514 error mraa@1.5.1 install: `node-gyp rebuild`
514 error Exit status 1
515 error Failed at the mraa@1.5.1 install script 'node-gyp rebuild'.
515 error Make sure you have the latest version of node.js and npm installed.
515 error If you do, this is most likely a problem with the mraa package,
515 error not with npm itself.
515 error Tell the author that this fails on your system:
515 error     node-gyp rebuild
515 error You can get information on how to open an issue for this project with:
515 error     npm bugs mraa
515 error Or if that isn't available, you can get their info via:
515 error     npm owner ls mraa
515 error There is likely additional logging output above.
516 verbose exit [ 1, true ]
